  Main.cpp
E:\PROJETOS\2023\C++\SNAKE\SNAKE\Main.cpp(93,78): error C2664: 'BOOL TextOutW(HDC,int,int,LPCWSTR,int)': cannot convert argument 4 from 'const _Elem *' to 'LPCWSTR'
          with
          [
              _Elem=char
          ]
E:\PROJETOS\2023\C++\SNAKE\SNAKE\Main.cpp(93,48): message : Types pointed to are unrelated; conversion requires reinterpret_cast, C-style cast or function-style cast
C:\Program Files (x86)\Windows Kits\10\Include\10.0.19041.0\um\wingdi.h(5101,25): message : see declaration of 'TextOutW'
E:\PROJETOS\2023\C++\SNAKE\SNAKE\Main.cpp(250,48): error C2664: 'BOOL TextOutW(HDC,int,int,LPCWSTR,int)': cannot convert argument 4 from 'const char [4]' to 'LPCWSTR'
E:\PROJETOS\2023\C++\SNAKE\SNAKE\Main.cpp(250,28): message : Types pointed to are unrelated; conversion requires reinterpret_cast, C-style cast or function-style cast
C:\Program Files (x86)\Windows Kits\10\Include\10.0.19041.0\um\wingdi.h(5101,25): message : see declaration of 'TextOutW'
E:\PROJETOS\2023\C++\SNAKE\SNAKE\Main.cpp(253,74): error C2664: 'BOOL TextOutW(HDC,int,int,LPCWSTR,int)': cannot convert argument 4 from 'const _Elem *' to 'LPCWSTR'
          with
          [
              _Elem=char
          ]
E:\PROJETOS\2023\C++\SNAKE\SNAKE\Main.cpp(253,44): message : Types pointed to are unrelated; conversion requires reinterpret_cast, C-style cast or function-style cast
C:\Program Files (x86)\Windows Kits\10\Include\10.0.19041.0\um\wingdi.h(5101,25): message : see declaration of 'TextOutW'
E:\PROJETOS\2023\C++\SNAKE\SNAKE\Main.cpp(255,114): error C2664: 'BOOL TextOutW(HDC,int,int,LPCWSTR,int)': cannot convert argument 4 from 'const char [37]' to 'LPCWSTR'
E:\PROJETOS\2023\C++\SNAKE\SNAKE\Main.cpp(255,28): message : Types pointed to are unrelated; conversion requires reinterpret_cast, C-style cast or function-style cast
C:\Program Files (x86)\Windows Kits\10\Include\10.0.19041.0\um\wingdi.h(5101,25): message : see declaration of 'TextOutW'
E:\PROJETOS\2023\C++\SNAKE\SNAKE\Main.cpp(277,62): error C2664: 'BOOL TextOutW(HDC,int,int,LPCWSTR,int)': cannot convert argument 4 from 'const char [11]' to 'LPCWSTR'
E:\PROJETOS\2023\C++\SNAKE\SNAKE\Main.cpp(277,28): message : Types pointed to are unrelated; conversion requires reinterpret_cast, C-style cast or function-style cast
C:\Program Files (x86)\Windows Kits\10\Include\10.0.19041.0\um\wingdi.h(5101,25): message : see declaration of 'TextOutW'
E:\PROJETOS\2023\C++\SNAKE\SNAKE\Main.cpp(279,144): error C2664: 'BOOL TextOutW(HDC,int,int,LPCWSTR,int)': cannot convert argument 4 from 'const char [52]' to 'LPCWSTR'
E:\PROJETOS\2023\C++\SNAKE\SNAKE\Main.cpp(279,28): message : Types pointed to are unrelated; conversion requires reinterpret_cast, C-style cast or function-style cast
C:\Program Files (x86)\Windows Kits\10\Include\10.0.19041.0\um\wingdi.h(5101,25): message : see declaration of 'TextOutW'
E:\PROJETOS\2023\C++\SNAKE\SNAKE\Main.cpp(337,5): warning C4065: switch statement contains 'default' but no 'case' labels
E:\PROJETOS\2023\C++\SNAKE\SNAKE\Main.cpp(358,48): error C2440: '=': cannot convert from 'const char [16]' to 'LPCWSTR'
E:\PROJETOS\2023\C++\SNAKE\SNAKE\Main.cpp(358,33): message : Types pointed to are unrelated; conversion requires reinterpret_cast, C-style cast or function-style cast
E:\PROJETOS\2023\C++\SNAKE\SNAKE\Main.cpp(362,93): error C2664: 'int MessageBoxW(HWND,LPCWSTR,LPCWSTR,UINT)': cannot convert argument 2 from 'const char [28]' to 'LPCWSTR'
E:\PROJETOS\2023\C++\SNAKE\SNAKE\Main.cpp(362,26): message : Types pointed to are unrelated; conversion requires reinterpret_cast, C-style cast or function-style cast
C:\Program Files (x86)\Windows Kits\10\Include\10.0.19041.0\um\winuser.h(9161,1): message : see declaration of 'MessageBoxW'
E:\PROJETOS\2023\C++\SNAKE\SNAKE\Main.cpp(366,21): error C2664: 'HWND CreateWindowExW(DWORD,LPCWSTR,LPCWSTR,DWORD,int,int,int,int,HWND,HMENU,HINSTANCE,LPVOID)': cannot convert argument 2 from 'const char [16]' to 'LPCWSTR'
E:\PROJETOS\2023\C++\SNAKE\SNAKE\Main.cpp(368,25): message : Types pointed to are unrelated; conversion requires reinterpret_cast, C-style cast or function-style cast
C:\Program Files (x86)\Windows Kits\10\Include\10.0.19041.0\um\winuser.h(4432,1): message : see declaration of 'CreateWindowExW'
E:\PROJETOS\2023\C++\SNAKE\SNAKE\Main.cpp(375,88): error C2664: 'int MessageBoxW(HWND,LPCWSTR,LPCWSTR,UINT)': cannot convert argument 2 from 'const char [24]' to 'LPCWSTR'
E:\PROJETOS\2023\C++\SNAKE\SNAKE\Main.cpp(375,26): message : Types pointed to are unrelated; conversion requires reinterpret_cast, C-style cast or function-style cast
C:\Program Files (x86)\Windows Kits\10\Include\10.0.19041.0\um\winuser.h(9161,1): message : see declaration of 'MessageBoxW'
E:\PROJETOS\2023\C++\SNAKE\SNAKE\Main.cpp(414,15): warning C4244: 'return': conversion from 'WPARAM' to 'int', possible loss of data
